<?xml version="1.0" encoding="UTF-8"?>
<testsuite xmlns:xsi="http://www.w3.org/2001/XMLSchema-instance" xsi:noNamespaceSchemaLocation="https://maven.apache.org/surefire/maven-surefire-plugin/xsd/surefire-test-report.xsd" version="3.0.1" name="testRunner.TestRunner" time="62.519" tests="18" errors="0" skipped="0" failures="0">
  <properties>
[...]
</properties>
  <testcase name="verify the ablity to dismiss the push notfication" classname="Validate the Home Page Functionalites" time="18.583">
    <system-out><![CDATA[
Scenario: verify the ablity to dismiss the push notfication         # features/1_home.feature:3
getDriverChromeDriver: chrome on windows (6fabf56b9bb3c3623bd1b1380f302bee)
  Given user on the Home page                                       # StepDefinition.HomeStepDefiniton.user_on_the_home_page()
  When user checks for any visbile push notifications               # StepDefinition.HomeStepDefiniton.user_checks_for_any_visbile_push_notifications()
  Then the user should able to dismiss the notification sucessfully # StepDefinition.HomeStepDefiniton.the_user_should_able_to_dismiss_the_notification_sucessfully()
]]></system-out>
  </testcase>
  <testcase name="Ensure the Navigating to upcoming Bikes section is functional" classname="Validate the Home Page Functionalites" time="1.875">
    <system-out><![CDATA[
Scenario: Ensure the Navigating to upcoming Bikes section is functional # features/1_home.feature:8
  When the user hovers the bike menu                                    # StepDefinition.HomeStepDefiniton.the_user_hovers_the_bike_menu()
  And the users selects the upciming bikes option from menu             # StepDefinition.HomeStepDefiniton.the_users_selects_the_upciming_bikes_option_from_menu()
  Then the user should redirect to the upcoming bikes section           # StepDefinition.HomeStepDefiniton.the_user_should_redirect_to_the_upcoming_bikes_section()
]]></system-out>
  </testcase>
  <testcase name="Select a specific brand from the brand dropdown" classname="Upcoming Bike Page Interaction" time="1.744">
    <system-out><![CDATA[
Scenario: Select a specific brand from the brand dropdown   # features/2_upcomingBikes.feature:3
getDriverChromeDriver: chrome on windows (6fabf56b9bb3c3623bd1b1380f302bee)
  Given the user is on the Upcoming Bikes page              # StepDefinition.UpcomingBikeStrpDefinition.the_user_is_on_the_upcoming_bikes_page()
  When the user selects the "Honda" brand from the dropdown # StepDefinition.UpcomingBikeStrpDefinition.the_user_selects_the_brand_from_the_dropdown(java.lang.String)
  Then only "Honda" bikes should be displayed on the list   # StepDefinition.UpcomingBikeStrpDefinition.the_dropdown_should_reflect_as_the_selected_brand(java.lang.String)
]]></system-out>
  </testcase>
  <testcase name="Load more bikes" classname="Upcoming Bike Page Interaction" time="13.378">
    <system-out><![CDATA[
Scenario: Load more bikes                        # features/2_upcomingBikes.feature:8
  When the user clicks on the "Load More" button # StepDefinition.UpcomingBikeStrpDefinition.the_user_clicks_on_the_button(java.lang.String)
Honda CBR300R
Honda CBR1000R
Honda CB500F
Honda Rebel 500
Honda CBR500R
Honda CRF190L
Honda CBR150R
Honda NT1100
Honda Rebel 300
Honda Rebel 1100
Honda NX200
Honda CRF300L
Honda Hornet
Honda XRE 300
Honda Hawk 11
Honda CB350 Cafe Racer
Honda CRF300 Rally
  Then All bikes should be displayed on the page # StepDefinition.UpcomingBikeStrpDefinition.additional_bikes_should_be_displayed_on_the_page()
]]></system-out>
  </testcase>
  <testcase name="Fetch bike details under a certain price" classname="Upcoming Bike Page Interaction" time="3.52">
    <system-out><![CDATA[
Scenario: Fetch bike details under a certain price       # features/2_upcomingBikes.feature:13
  When the user views the list of bikes                  # StepDefinition.UpcomingBikeStrpDefinition.the_user_views_the_list_of_bikes()
  Then bikes priced under "4.00" lakhs should be fetched # StepDefinition.UpcomingBikeStrpDefinition.bikes_priced_under_lakhs_should_be_fetched(java.lang.String)
Honda CBR300R :- ₹2.00 - ₹ 2.30
Honda CRF190L :- ₹1.98
Honda CBR150R :- ₹1.70
Honda NT1100 :- ₹1.70
Honda Rebel 300 :- ₹2.30
Honda NX200 :- ₹1.20
Honda CRF300L :- ₹3.00
Honda Hornet :- ₹2.50
Honda XRE 300 :- ₹3.00
Honda CB350 Cafe Racer :- ₹2.20 - ₹ 2.30
Honda CRF300 Rally :- ₹3.50
  And the details should include the name and price      # StepDefinition.UpcomingBikeStrpDefinition.the_details_should_include_the_name_and_price()
]]></system-out>
  </testcase>
  <testcase name="Navigate to the Used Cars section" classname="Upcoming Bike Page Interaction" time="3.833">
    <system-out><![CDATA[
Scenario: Navigate to the Used Cars section                # features/2_upcomingBikes.feature:18
  When the user navigates to the Used Cars menu            # StepDefinition.UpcomingBikeStrpDefinition.the_user_navigates_to_the_used_cars_menu()
  And selects "Used Cars in Chennai" from the options      # StepDefinition.UpcomingBikeStrpDefinition.selects_from_the_options(java.lang.String)
  Then the user should be redirected to the Used Cars page # StepDefinition.UpcomingBikeStrpDefinition.the_user_should_be_redirected_to_the_used_cars_page()
]]></system-out>
  </testcase>
  <testcase name="Display the popular cars" classname="Car Page Interaction" time="1.177">
    <system-out><![CDATA[
Scenario: Display the popular cars          # features/3_usedcars.feature:3
getDriverChromeDriver: chrome on windows (6fabf56b9bb3c3623bd1b1380f302bee)
  Given the user is on the Used Cars Page   # StepDefinition.UsedCarsStepDefinition.the_user_is_on_the_used_cars_page()
  When the user clicks on "Read More"       # StepDefinition.UsedCarsStepDefinition.the_user_clicks_on(java.lang.String)
Honda Jazz
Ford Ecosport
Maruti Baleno
Honda Brio
Hyundai NEW I20
  Then the popular cars should be displayed # StepDefinition.UsedCarsStepDefinition.the_popular_cars_should_be_displayed()
]]></system-out>
  </testcase>
  <testcase name="Log in as a registered user" classname="Car Page Interaction" time="3.642">
    <system-out><![CDATA[
Scenario: Log in as a registered user             # features/3_usedcars.feature:8
  When the user clicks on the user icon to log in # StepDefinition.UsedCarsStepDefinition.the_user_clicks_on_the_user_icon_to_log_in()
  Then the sign-in pop-up option will appear      # StepDefinition.UsedCarsStepDefinition.the_sign_in_pop_up_option_will_appear()
Window got switched
  And the user should click on the Google sign-in # StepDefinition.UsedCarsStepDefinition.the_user_should_click_on_the_google_sign_in()
]]></system-out>
  </testcase>
  <testcase name="validate the email address and handle the error message #1" classname="Login page Email Vaildation" time="1.168">
    <system-out><![CDATA[
Scenario Outline: validate the email address and handle the error message # features/4_Login.feature:11
getDriverChromeDriver: chrome on windows (6fabf56b9bb3c3623bd1b1380f302bee)
  Given The user should on the accountsgoogle page                        # StepDefinition.LoginStepDefiniton.the_user_should_on_the_accountsgoogle_page()
  When the enters "1" into the email field                                # StepDefinition.LoginStepDefiniton.the_enters_into_the_email_field(java.lang.String)
  And clicks on the next button                                           # StepDefinition.LoginStepDefiniton.clicks_on_the_next_button()
Couldn’t find your Google Account
  Then capture the error message                                          # StepDefinition.LoginStepDefiniton.capture_the_error_message()
]]></system-out>
  </testcase>
  <testcase name="validate the email address and handle the error message #2" classname="Login page Email Vaildation" time="1.084">
    <system-out><![CDATA[
Scenario Outline: validate the email address and handle the error message # features/4_Login.feature:12
getDriverChromeDriver: chrome on windows (6fabf56b9bb3c3623bd1b1380f302bee)
  Given The user should on the accountsgoogle page                        # StepDefinition.LoginStepDefiniton.the_user_should_on_the_accountsgoogle_page()
  When the enters "2" into the email field                                # StepDefinition.LoginStepDefiniton.the_enters_into_the_email_field(java.lang.String)
  And clicks on the next button                                           # StepDefinition.LoginStepDefiniton.clicks_on_the_next_button()
Couldn’t find your Google Account
  Then capture the error message                                          # StepDefinition.LoginStepDefiniton.capture_the_error_message()
]]></system-out>
  </testcase>
  <testcase name="validate the email address and handle the error message #3" classname="Login page Email Vaildation" time="1.02">
    <system-out><![CDATA[
Scenario Outline: validate the email address and handle the error message # features/4_Login.feature:13
getDriverChromeDriver: chrome on windows (6fabf56b9bb3c3623bd1b1380f302bee)
  Given The user should on the accountsgoogle page                        # StepDefinition.LoginStepDefiniton.the_user_should_on_the_accountsgoogle_page()
  When the enters "3" into the email field                                # StepDefinition.LoginStepDefiniton.the_enters_into_the_email_field(java.lang.String)
  And clicks on the next button                                           # StepDefinition.LoginStepDefiniton.clicks_on_the_next_button()
Couldn’t find your Google Account
  Then capture the error message                                          # StepDefinition.LoginStepDefiniton.capture_the_error_message()
]]></system-out>
  </testcase>
  <testcase name="validate the email address and handle the error message #4" classname="Login page Email Vaildation" time="1.114">
    <system-out><![CDATA[
Scenario Outline: validate the email address and handle the error message # features/4_Login.feature:14
getDriverChromeDriver: chrome on windows (6fabf56b9bb3c3623bd1b1380f302bee)
  Given The user should on the accountsgoogle page                        # StepDefinition.LoginStepDefiniton.the_user_should_on_the_accountsgoogle_page()
  When the enters "4" into the email field                                # StepDefinition.LoginStepDefiniton.the_enters_into_the_email_field(java.lang.String)
  And clicks on the next button                                           # StepDefinition.LoginStepDefiniton.clicks_on_the_next_button()
Couldn’t find your Google Account
  Then capture the error message                                          # StepDefinition.LoginStepDefiniton.capture_the_error_message()
]]></system-out>
  </testcase>
  <testcase name="validate the email address and handle the error message #5" classname="Login page Email Vaildation" time="0.957">
    <system-out><![CDATA[
Scenario Outline: validate the email address and handle the error message # features/4_Login.feature:15
getDriverChromeDriver: chrome on windows (6fabf56b9bb3c3623bd1b1380f302bee)
  Given The user should on the accountsgoogle page                        # StepDefinition.LoginStepDefiniton.the_user_should_on_the_accountsgoogle_page()
  When the enters "5" into the email field                                # StepDefinition.LoginStepDefiniton.the_enters_into_the_email_field(java.lang.String)
  And clicks on the next button                                           # StepDefinition.LoginStepDefiniton.clicks_on_the_next_button()
Couldn’t find your Google Account
  Then capture the error message                                          # StepDefinition.LoginStepDefiniton.capture_the_error_message()
]]></system-out>
  </testcase>
  <testcase name="validate the email address and handle the error message #6" classname="Login page Email Vaildation" time="0.99">
    <system-out><![CDATA[
Scenario Outline: validate the email address and handle the error message # features/4_Login.feature:16
getDriverChromeDriver: chrome on windows (6fabf56b9bb3c3623bd1b1380f302bee)
  Given The user should on the accountsgoogle page                        # StepDefinition.LoginStepDefiniton.the_user_should_on_the_accountsgoogle_page()
  When the enters "6" into the email field                                # StepDefinition.LoginStepDefiniton.the_enters_into_the_email_field(java.lang.String)
  And clicks on the next button                                           # StepDefinition.LoginStepDefiniton.clicks_on_the_next_button()
Couldn’t find your Google Account
  Then capture the error message                                          # StepDefinition.LoginStepDefiniton.capture_the_error_message()
]]></system-out>
  </testcase>
  <testcase name="validate the email address and handle the error message #7" classname="Login page Email Vaildation" time="1.07">
    <system-out><![CDATA[
Scenario Outline: validate the email address and handle the error message # features/4_Login.feature:17
getDriverChromeDriver: chrome on windows (6fabf56b9bb3c3623bd1b1380f302bee)
  Given The user should on the accountsgoogle page                        # StepDefinition.LoginStepDefiniton.the_user_should_on_the_accountsgoogle_page()
  When the enters "7" into the email field                                # StepDefinition.LoginStepDefiniton.the_enters_into_the_email_field(java.lang.String)
  And clicks on the next button                                           # StepDefinition.LoginStepDefiniton.clicks_on_the_next_button()
Couldn’t find your Google Account
  Then capture the error message                                          # StepDefinition.LoginStepDefiniton.capture_the_error_message()
]]></system-out>
  </testcase>
  <testcase name="validate the email address and handle the error message #8" classname="Login page Email Vaildation" time="0.956">
    <system-out><![CDATA[
Scenario Outline: validate the email address and handle the error message # features/4_Login.feature:18
getDriverChromeDriver: chrome on windows (6fabf56b9bb3c3623bd1b1380f302bee)
  Given The user should on the accountsgoogle page                        # StepDefinition.LoginStepDefiniton.the_user_should_on_the_accountsgoogle_page()
  When the enters "8" into the email field                                # StepDefinition.LoginStepDefiniton.the_enters_into_the_email_field(java.lang.String)
  And clicks on the next button                                           # StepDefinition.LoginStepDefiniton.clicks_on_the_next_button()
Couldn’t find your Google Account
  Then capture the error message                                          # StepDefinition.LoginStepDefiniton.capture_the_error_message()
]]></system-out>
  </testcase>
  <testcase name="validate the email address and handle the error message #9" classname="Login page Email Vaildation" time="0.883">
    <system-out><![CDATA[
Scenario Outline: validate the email address and handle the error message # features/4_Login.feature:19
getDriverChromeDriver: chrome on windows (6fabf56b9bb3c3623bd1b1380f302bee)
  Given The user should on the accountsgoogle page                        # StepDefinition.LoginStepDefiniton.the_user_should_on_the_accountsgoogle_page()
  When the enters "9" into the email field                                # StepDefinition.LoginStepDefiniton.the_enters_into_the_email_field(java.lang.String)
  And clicks on the next button                                           # StepDefinition.LoginStepDefiniton.clicks_on_the_next_button()
Enter a valid email or phone number
  Then capture the error message                                          # StepDefinition.LoginStepDefiniton.capture_the_error_message()
]]></system-out>
  </testcase>
  <testcase name="close the google Window" classname="Login page Email Vaildation" time="3.904">
    <system-out><![CDATA[
Scenario: close the google Window # features/4_Login.feature:22
  Then close the google window    # StepDefinition.LoginStepDefiniton.close_the_google_window()
]]></system-out>
  </testcase>
</testsuite>